build/app/intermediates/manifest_merge_blame_file/release/manifest-merger-blame-release-report.txt
1<?xml version="1.0" encoding="utf-8"?>
2<manifest xmlns:android="http://schemas.android.com/apk/res/android"
3    package="com.jewelofasia.au"
4    android:versionCode="1"
5    android:versionName="1.0.0" >
6
7    <uses-sdk
8        android:minSdkVersion="21"
8-->src/main/AndroidManifest.xml
9        android:targetSdkVersion="33" />
9-->src/main/AndroidManifest.xml
10    <!--
11         io.flutter.app.FlutterApplication is an android.app.Application that
12         calls FlutterMain.startInitialization(this); in its onCreate method.
13         In most cases you can leave this as-is, but you if you want to provide
14         additional functionality it is fine to subclass or reimplement
15         FlutterApplication and put your custom class here.
16    -->
17    <uses-permission android:name="android.permission.INTERNET" />
17-->src/main/AndroidManifest.xml:8:5-67
17-->src/main/AndroidManifest.xml:8:22-64
18    <uses-permission android:name="android.permission.ACCESS_FINE_LOCATION" />
18-->src/main/AndroidManifest.xml:9:5-79
18-->src/main/AndroidManifest.xml:9:22-76
19    <uses-permission android:name="android.permission.ACCESS_COARSE_LOCATION" />
19-->src/main/AndroidManifest.xml:10:5-81
19-->src/main/AndroidManifest.xml:10:22-78
20    <uses-permission android:name="android.permission.ACCESS_NETWORK_STATE" />
20-->src/main/AndroidManifest.xml:11:5-79
20-->src/main/AndroidManifest.xml:11:22-76
21
22    <queries>
22-->src/main/AndroidManifest.xml:13:5-28:15
23        <intent>
23-->src/main/AndroidManifest.xml:14:9-17:18
24            <action android:name="android.intent.action.VIEW" />
24-->src/main/AndroidManifest.xml:15:13-65
24-->src/main/AndroidManifest.xml:15:21-62
25
26            <data android:scheme="https" />
26-->src/main/AndroidManifest.xml:16:13-44
26-->src/main/AndroidManifest.xml:16:19-41
27        </intent>
28        <intent>
28-->src/main/AndroidManifest.xml:18:9-21:18
29            <action android:name="android.intent.action.DIAL" />
29-->src/main/AndroidManifest.xml:19:13-65
29-->src/main/AndroidManifest.xml:19:21-62
30
31            <data android:scheme="tel" />
31-->src/main/AndroidManifest.xml:16:13-44
31-->src/main/AndroidManifest.xml:16:19-41
32        </intent>
33        <intent>
33-->src/main/AndroidManifest.xml:22:9-25:18
34            <action android:name="android.intent.action.SEND" />
34-->src/main/AndroidManifest.xml:23:13-65
34-->src/main/AndroidManifest.xml:23:21-62
35
36            <data android:mimeType="*/*" />
36-->src/main/AndroidManifest.xml:16:13-44
36-->src/main/AndroidManifest.xml:24:19-41
37        </intent>
38
39        <provider android:authorities="com.facebook.katana.provider.PlatformProvider" />
39-->src/main/AndroidManifest.xml:26:9-89
39-->src/main/AndroidManifest.xml:26:19-86
40
41        <intent>
41-->[:flutter_inappwebview_android] AndroidManifest.xml:10:9-12:18
42            <action android:name="android.support.customtabs.action.CustomTabsService" />
42-->[:flutter_inappwebview_android] AndroidManifest.xml:11:13-90
42-->[:flutter_inappwebview_android] AndroidManifest.xml:11:21-87
43        </intent>
44
45        <package android:name="com.facebook.katana" /> <!-- Needs to be explicitly declared on Android R+ -->
45-->[com.facebook.android:facebook-common:16.3.0] AndroidManifest.xml:18:9-55
45-->[com.facebook.android:facebook-common:16.3.0] AndroidManifest.xml:18:18-52
46        <package android:name="com.google.android.apps.maps" />
46-->[com.google.android.gms:play-services-maps:18.2.0] AndroidManifest.xml:33:9-64
46-->[com.google.android.gms:play-services-maps:18.2.0] AndroidManifest.xml:33:18-61
47    </queries>
48
49    <uses-permission android:name="android.permission.WAKE_LOCK" /> <!-- Permissions options for the `notification` group -->
49-->[:firebase_messaging] AndroidManifest.xml:10:5-68
49-->[:firebase_messaging] AndroidManifest.xml:10:22-65
50    <uses-permission android:name="android.permission.POST_NOTIFICATIONS" />
50-->[:firebase_messaging] AndroidManifest.xml:13:5-77
50-->[:firebase_messaging] AndroidManifest.xml:13:22-74
51    <uses-permission android:name="android.permission.VIBRATE" /> <!-- Required by older versions of Google Play services to create IID tokens -->
51-->[:flutter_local_notifications] AndroidManifest.xml:9:5-66
51-->[:flutter_local_notifications] AndroidManifest.xml:9:22-63
52    <uses-permission android:name="com.google.android.c2dm.permission.RECEIVE" />
52-->[com.google.firebase:firebase-messaging:23.4.1] AndroidManifest.xml:26:5-82
52-->[com.google.firebase:firebase-messaging:23.4.1] AndroidManifest.xml:26:22-79
53    <uses-permission android:name="com.google.android.gms.permission.AD_ID" />
53-->[com.google.android.gms:play-services-measurement-api:21.5.1] AndroidManifest.xml:25:5-79
53-->[com.google.android.gms:play-services-measurement-api:21.5.1] AndroidManifest.xml:25:22-76
54    <uses-permission android:name="android.permission.ACCESS_ADSERVICES_ATTRIBUTION" />
54-->[com.google.android.gms:play-services-measurement-api:21.5.1] AndroidManifest.xml:26:5-88
54-->[com.google.android.gms:play-services-measurement-api:21.5.1] AndroidManifest.xml:26:22-85
55    <uses-permission android:name="android.permission.ACCESS_ADSERVICES_AD_ID" />
55-->[com.google.android.gms:play-services-measurement-api:21.5.1] AndroidManifest.xml:27:5-82
55-->[com.google.android.gms:play-services-measurement-api:21.5.1] AndroidManifest.xml:27:22-79
56
57    <uses-feature
57-->[com.google.android.gms:play-services-maps:18.2.0] AndroidManifest.xml:26:5-28:35
58        android:glEsVersion="0x00020000"
58-->[com.google.android.gms:play-services-maps:18.2.0] AndroidManifest.xml:27:9-41
59        android:required="true" />
59-->[com.google.android.gms:play-services-maps:18.2.0] AndroidManifest.xml:28:9-32
60
61    <uses-permission android:name="com.google.android.finsky.permission.BIND_GET_INSTALL_REFERRER_SERVICE" />
61-->[com.google.android.gms:play-services-measurement:21.5.1] AndroidManifest.xml:26:5-110
61-->[com.google.android.gms:play-services-measurement:21.5.1] AndroidManifest.xml:26:22-107
62    <uses-permission android:name="com.google.android.providers.gsf.permission.READ_GSERVICES" />
62-->[com.google.android.recaptcha:recaptcha:18.4.0] AndroidManifest.xml:9:5-98
62-->[com.google.android.recaptcha:recaptcha:18.4.0] AndroidManifest.xml:9:22-95
63
64    <permission
64-->[androidx.core:core:1.10.1] AndroidManifest.xml:22:5-24:47
65        android:name="com.jewelofasia.au.DYNAMIC_RECEIVER_NOT_EXPORTED_PERMISSION"
65-->[androidx.core:core:1.10.1] AndroidManifest.xml:23:9-81
66        android:protectionLevel="signature" />
66-->[androidx.core:core:1.10.1] AndroidManifest.xml:24:9-44
67
68    <uses-permission android:name="com.jewelofasia.au.DYNAMIC_RECEIVER_NOT_EXPORTED_PERMISSION" />
68-->[androidx.core:core:1.10.1] AndroidManifest.xml:26:5-97
68-->[androidx.core:core:1.10.1] AndroidManifest.xml:26:22-94
69
70    <application
70-->src/main/AndroidManifest.xml:30:5-100:19
71        android:appComponentFactory="androidx.core.app.CoreComponentFactory"
71-->[androidx.core:core:1.10.1] AndroidManifest.xml:28:18-86
72        android:icon="@mipmap/ic_launcher"
72-->src/main/AndroidManifest.xml:31:9-43
73        android:label="Jewel of Asia"
73-->src/main/AndroidManifest.xml:34:9-38
74        android:requestLegacyExternalStorage="true"
74-->src/main/AndroidManifest.xml:32:9-52
75        android:supportsRtl="true"
75-->[com.facebook.android:facebook-android-sdk:16.3.0] AndroidManifest.xml:16:18-44
76        android:usesCleartextTraffic="true" >
76-->src/main/AndroidManifest.xml:33:9-44
77        android:allowBackup="false"
78        android:fullBackupContent="false"
79        <meta-data
79-->src/main/AndroidManifest.xml:37:9-39:71
80            android:name="com.google.android.geo.API_KEY"
80-->src/main/AndroidManifest.xml:38:13-58
81            android:value="AIzaSyBLKiI-vWGHMb4NY6-dkpD20KHPGOnPDCg" />
81-->src/main/AndroidManifest.xml:39:13-68
82        <meta-data
82-->src/main/AndroidManifest.xml:40:9-42:55
83            android:name="com.facebook.sdk.ApplicationId"
83-->src/main/AndroidManifest.xml:41:13-58
84            android:value="@string/facebook_app_id" />
84-->src/main/AndroidManifest.xml:42:13-52
85        <meta-data
85-->src/main/AndroidManifest.xml:43:9-45:60
86            android:name="com.facebook.sdk.ClientToken"
86-->src/main/AndroidManifest.xml:44:13-56
87            android:value="@string/facebook_client_token" />
87-->src/main/AndroidManifest.xml:45:13-58
88
89        <activity
89-->src/main/AndroidManifest.xml:47:9-50:48
90            android:name="com.facebook.FacebookActivity"
90-->src/main/AndroidManifest.xml:47:19-63
91            android:configChanges="keyboard|keyboardHidden|screenLayout|screenSize|orientation"
91-->src/main/AndroidManifest.xml:48:13-113
92            android:label="@string/app_name"
92-->src/main/AndroidManifest.xml:50:13-45
93            android:theme="@style/com_facebook_activity_theme" />
93-->[com.facebook.android:facebook-common:16.3.0] AndroidManifest.xml:25:13-63
94        <activity
94-->src/main/AndroidManifest.xml:51:9-60:20
95            android:name="com.facebook.CustomTabActivity"
95-->src/main/AndroidManifest.xml:52:13-58
96            android:exported="true" >
96-->src/main/AndroidManifest.xml:53:13-36
97            <intent-filter>
97-->src/main/AndroidManifest.xml:54:13-59:29
98                <action android:name="android.intent.action.VIEW" />
98-->src/main/AndroidManifest.xml:15:13-65
98-->src/main/AndroidManifest.xml:15:21-62
99
100                <category android:name="android.intent.category.DEFAULT" />
100-->src/main/AndroidManifest.xml:56:17-76
100-->src/main/AndroidManifest.xml:56:27-73
101                <category android:name="android.intent.category.BROWSABLE" />
101-->src/main/AndroidManifest.xml:57:17-78
101-->src/main/AndroidManifest.xml:57:27-75
102
103                <data android:scheme="@string/fb_login_protocol_scheme" />
103-->src/main/AndroidManifest.xml:16:13-44
103-->src/main/AndroidManifest.xml:16:19-41
104            </intent-filter>
105            <intent-filter>
105-->[com.facebook.android:facebook-common:16.3.0] AndroidManifest.xml:31:13-40:29
106                <action android:name="android.intent.action.VIEW" />
106-->src/main/AndroidManifest.xml:15:13-65
106-->src/main/AndroidManifest.xml:15:21-62
107
108                <category android:name="android.intent.category.DEFAULT" />
108-->src/main/AndroidManifest.xml:56:17-76
108-->src/main/AndroidManifest.xml:56:27-73
109                <category android:name="android.intent.category.BROWSABLE" />
109-->src/main/AndroidManifest.xml:57:17-78
109-->src/main/AndroidManifest.xml:57:27-75
110
111                <data
111-->src/main/AndroidManifest.xml:16:13-44
112                    android:host="cct.com.jewelofasia.au"
113                    android:scheme="fbconnect" />
113-->src/main/AndroidManifest.xml:16:19-41
114            </intent-filter>
115        </activity>
116        <activity
116-->src/main/AndroidManifest.xml:63:9-94:20
117            android:name="com.jewelofasia.au.MainActivity"
117-->src/main/AndroidManifest.xml:64:13-41
118            android:configChanges="orientation|keyboardHidden|keyboard|screenSize|smallestScreenSize|locale|layoutDirection|fontScale|screenLayout|density|uiMode"
118-->src/main/AndroidManifest.xml:65:13-163
119            android:exported="true"
119-->src/main/AndroidManifest.xml:67:13-36
120            android:hardwareAccelerated="true"
120-->src/main/AndroidManifest.xml:66:13-47
121            android:launchMode="singleTop"
121-->src/main/AndroidManifest.xml:68:13-43
122            android:theme="@style/LaunchTheme"
122-->src/main/AndroidManifest.xml:69:13-47
123            android:windowSoftInputMode="adjustResize" >
123-->src/main/AndroidManifest.xml:70:13-55
124
125            <!--
126                 Specifies an Android theme to apply to this Activity as soon as
127                 the Android process has started. This theme is visible to the user
128                 while the Flutter UI initializes. After that, this theme continues
129                 to determine the Window background behind the Flutter UI.
130            -->
131            <meta-data
131-->src/main/AndroidManifest.xml:75:13-77:57
132                android:name="io.flutter.embedding.android.NormalTheme"
132-->src/main/AndroidManifest.xml:76:17-72
133                android:resource="@style/NormalTheme" />
133-->src/main/AndroidManifest.xml:77:17-54
134            <!--
135                 Displays an Android View that continues showing the launch screen
136                 Drawable until Flutter paints its first frame, then this splash
137                 screen fades out. A splash screen is useful to avoid any visual
138                 gap between the end of Android's launch screen and the painting of
139                 Flutter's first frame.
140            -->
141            <meta-data
141-->src/main/AndroidManifest.xml:83:13-85:66
142                android:name="io.flutter.embedding.android.SplashScreenDrawable"
142-->src/main/AndroidManifest.xml:84:17-81
143                android:resource="@drawable/launch_background" />
143-->src/main/AndroidManifest.xml:85:17-63
144
145            <intent-filter>
145-->src/main/AndroidManifest.xml:86:13-89:29
146                <action android:name="android.intent.action.MAIN" />
146-->src/main/AndroidManifest.xml:87:17-69
146-->src/main/AndroidManifest.xml:87:25-66
147
148                <category android:name="android.intent.category.LAUNCHER" />
148-->src/main/AndroidManifest.xml:88:17-77
148-->src/main/AndroidManifest.xml:88:27-74
149            </intent-filter>
150            <intent-filter>
150-->src/main/AndroidManifest.xml:90:13-93:29
151                <action android:name="FLUTTER_NOTIFICATION_CLICK" />
151-->src/main/AndroidManifest.xml:91:17-69
151-->src/main/AndroidManifest.xml:91:25-66
152
153                <category android:name="android.intent.category.DEFAULT" />
153-->src/main/AndroidManifest.xml:56:17-76
153-->src/main/AndroidManifest.xml:56:27-73
154            </intent-filter>
155        </activity>
156        <!--
157             Don't delete the meta-data below.
158             This is used by the Flutter tool to generate GeneratedPluginRegistrant.java
159        -->
160        <meta-data
160-->src/main/AndroidManifest.xml:97:9-99:33
161            android:name="flutterEmbedding"
161-->src/main/AndroidManifest.xml:98:13-44
162            android:value="2" />
162-->src/main/AndroidManifest.xml:99:13-30
163
164        <service
164-->[:firebase_messaging] AndroidManifest.xml:16:9-19:72
165            android:name="io.flutter.plugins.firebase.messaging.FlutterFirebaseMessagingBackgroundService"
165-->[:firebase_messaging] AndroidManifest.xml:17:13-107
166            android:exported="false"
166-->[:firebase_messaging] AndroidManifest.xml:18:13-37
167            android:permission="android.permission.BIND_JOB_SERVICE" />
167-->[:firebase_messaging] AndroidManifest.xml:19:13-69
168        <service
168-->[:firebase_messaging] AndroidManifest.xml:20:9-26:19
169            android:name="io.flutter.plugins.firebase.messaging.FlutterFirebaseMessagingService"
169-->[:firebase_messaging] AndroidManifest.xml:21:13-97
170            android:exported="false" >
170-->[:firebase_messaging] AndroidManifest.xml:22:13-37
171            <intent-filter>
171-->[:firebase_messaging] AndroidManifest.xml:23:13-25:29
172                <action android:name="com.google.firebase.MESSAGING_EVENT" />
172-->[:firebase_messaging] AndroidManifest.xml:24:17-78
172-->[:firebase_messaging] AndroidManifest.xml:24:25-75
173            </intent-filter>
174        </service>
175
176        <receiver
176-->[:firebase_messaging] AndroidManifest.xml:28:9-35:20
177            android:name="io.flutter.plugins.firebase.messaging.FlutterFirebaseMessagingReceiver"
177-->[:firebase_messaging] AndroidManifest.xml:29:13-98
178            android:exported="true"
178-->[:firebase_messaging] AndroidManifest.xml:30:13-36
179            android:permission="com.google.android.c2dm.permission.SEND" >
179-->[:firebase_messaging] AndroidManifest.xml:31:13-73
180            <intent-filter>
180-->[:firebase_messaging] AndroidManifest.xml:32:13-34:29
181                <action android:name="com.google.android.c2dm.intent.RECEIVE" />
181-->[:firebase_messaging] AndroidManifest.xml:33:17-81
181-->[:firebase_messaging] AndroidManifest.xml:33:25-78
182            </intent-filter>
183        </receiver>
184
185        <service
185-->[:firebase_messaging] AndroidManifest.xml:37:9-41:19
186            android:name="com.google.firebase.components.ComponentDiscoveryService"
186-->[:firebase_messaging] AndroidManifest.xml:37:18-89
187            android:directBootAware="true"
187-->[com.google.firebase:firebase-common:20.4.2] AndroidManifest.xml:32:13-43
188            android:exported="false" >
188-->[com.google.firebase:firebase-messaging:23.4.1] AndroidManifest.xml:56:13-37
189            <meta-data
189-->[:firebase_messaging] AndroidManifest.xml:38:13-40:85
190                android:name="com.google.firebase.components:io.flutter.plugins.firebase.messaging.FlutterFirebaseAppRegistrar"
190-->[:firebase_messaging] AndroidManifest.xml:39:17-128
191                android:value="com.google.firebase.components.ComponentRegistrar" />
191-->[:firebase_messaging] AndroidManifest.xml:40:17-82
192            <meta-data
192-->[:firebase_auth] AndroidManifest.xml:11:13-13:85
193                android:name="com.google.firebase.components:io.flutter.plugins.firebase.auth.FlutterFirebaseAuthRegistrar"
193-->[:firebase_auth] AndroidManifest.xml:12:17-124
194                android:value="com.google.firebase.components.ComponentRegistrar" />
194-->[:firebase_auth] AndroidManifest.xml:13:17-82
195            <meta-data
195-->[:firebase_core] AndroidManifest.xml:11:13-13:85
196                android:name="com.google.firebase.components:io.flutter.plugins.firebase.core.FlutterFirebaseCoreRegistrar"
196-->[:firebase_core] AndroidManifest.xml:12:17-124
197                android:value="com.google.firebase.components.ComponentRegistrar" />
197-->[:firebase_core] AndroidManifest.xml:13:17-82
198            <meta-data
198-->[com.google.firebase:firebase-messaging:23.4.1] AndroidManifest.xml:57:13-59:85
199                android:name="com.google.firebase.components:com.google.firebase.messaging.FirebaseMessagingKtxRegistrar"
199-->[com.google.firebase:firebase-messaging:23.4.1] AndroidManifest.xml:58:17-122
200                android:value="com.google.firebase.components.ComponentRegistrar" />
200-->[com.google.firebase:firebase-messaging:23.4.1] AndroidManifest.xml:59:17-82
201            <meta-data
201-->[com.google.firebase:firebase-messaging:23.4.1] AndroidManifest.xml:60:13-62:85
202                android:name="com.google.firebase.components:com.google.firebase.messaging.FirebaseMessagingRegistrar"
202-->[com.google.firebase:firebase-messaging:23.4.1] AndroidManifest.xml:61:17-119
203                android:value="com.google.firebase.components.ComponentRegistrar" />
203-->[com.google.firebase:firebase-messaging:23.4.1] AndroidManifest.xml:62:17-82
204            <meta-data
204-->[com.google.android.gms:play-services-measurement-api:21.5.1] AndroidManifest.xml:37:13-39:85
205                android:name="com.google.firebase.components:com.google.firebase.analytics.connector.internal.AnalyticsConnectorRegistrar"
205-->[com.google.android.gms:play-services-measurement-api:21.5.1] AndroidManifest.xml:38:17-139
206                android:value="com.google.firebase.components.ComponentRegistrar" />
206-->[com.google.android.gms:play-services-measurement-api:21.5.1] AndroidManifest.xml:39:17-82
207            <meta-data
207-->[com.google.firebase:firebase-auth:22.3.1] AndroidManifest.xml:69:13-71:85
208                android:name="com.google.firebase.components:com.google.firebase.auth.FirebaseAuthRegistrar"
208-->[com.google.firebase:firebase-auth:22.3.1] AndroidManifest.xml:70:17-109
209                android:value="com.google.firebase.components.ComponentRegistrar" />
209-->[com.google.firebase:firebase-auth:22.3.1] AndroidManifest.xml:71:17-82
210            <meta-data
210-->[com.google.firebase:firebase-iid:21.1.0] AndroidManifest.xml:32:13-34:85
211                android:name="com.google.firebase.components:com.google.firebase.iid.Registrar"
211-->[com.google.firebase:firebase-iid:21.1.0] AndroidManifest.xml:33:17-96
212                android:value="com.google.firebase.components.ComponentRegistrar" />
212-->[com.google.firebase:firebase-iid:21.1.0] AndroidManifest.xml:34:17-82
213            <meta-data
213-->[com.google.firebase:firebase-installations:17.2.0] AndroidManifest.xml:15:13-17:85
214                android:name="com.google.firebase.components:com.google.firebase.installations.FirebaseInstallationsKtxRegistrar"
214-->[com.google.firebase:firebase-installations:17.2.0] AndroidManifest.xml:16:17-130
215                android:value="com.google.firebase.components.ComponentRegistrar" />
215-->[com.google.firebase:firebase-installations:17.2.0] AndroidManifest.xml:17:17-82
216            <meta-data
216-->[com.google.firebase:firebase-installations:17.2.0] AndroidManifest.xml:18:13-20:85
217                android:name="com.google.firebase.components:com.google.firebase.installations.FirebaseInstallationsRegistrar"
217-->[com.google.firebase:firebase-installations:17.2.0] AndroidManifest.xml:19:17-127
218                android:value="com.google.firebase.components.ComponentRegistrar" />
218-->[com.google.firebase:firebase-installations:17.2.0] AndroidManifest.xml:20:17-82
219            <meta-data
219-->[com.google.firebase:firebase-common-ktx:20.4.2] AndroidManifest.xml:12:13-14:85
220                android:name="com.google.firebase.components:com.google.firebase.ktx.FirebaseCommonLegacyRegistrar"
220-->[com.google.firebase:firebase-common-ktx:20.4.2] AndroidManifest.xml:13:17-116
221                android:value="com.google.firebase.components.ComponentRegistrar" />
221-->[com.google.firebase:firebase-common-ktx:20.4.2] AndroidManifest.xml:14:17-82
222            <meta-data
222-->[com.google.firebase:firebase-common:20.4.2] AndroidManifest.xml:35:13-37:85
223                android:name="com.google.firebase.components:com.google.firebase.FirebaseCommonKtxRegistrar"
223-->[com.google.firebase:firebase-common:20.4.2] AndroidManifest.xml:36:17-109
224                android:value="com.google.firebase.components.ComponentRegistrar" />
224-->[com.google.firebase:firebase-common:20.4.2] AndroidManifest.xml:37:17-82
225            <meta-data
225-->[com.google.firebase:firebase-datatransport:18.1.7] AndroidManifest.xml:27:13-29:85
226                android:name="com.google.firebase.components:com.google.firebase.datatransport.TransportRegistrar"
226-->[com.google.firebase:firebase-datatransport:18.1.7] AndroidManifest.xml:28:17-115
227                android:value="com.google.firebase.components.ComponentRegistrar" />
227-->[com.google.firebase:firebase-datatransport:18.1.7] AndroidManifest.xml:29:17-82
228        </service>
229
230        <provider
230-->[:firebase_messaging] AndroidManifest.xml:43:9-47:38
231            android:name="io.flutter.plugins.firebase.messaging.FlutterFirebaseMessagingInitProvider"
231-->[:firebase_messaging] AndroidManifest.xml:44:13-102
232            android:authorities="com.jewelofasia.au.flutterfirebasemessaginginitprovider"
232-->[:firebase_messaging] AndroidManifest.xml:45:13-88
233            android:exported="false"
233-->[:firebase_messaging] AndroidManifest.xml:46:13-37
234            android:initOrder="99" />
234-->[:firebase_messaging] AndroidManifest.xml:47:13-35
235
236        <service
236-->[:geolocator_android] AndroidManifest.xml:10:9-14:56
237            android:name="com.baseflow.geolocator.GeolocatorLocationService"
237-->[:geolocator_android] AndroidManifest.xml:11:13-77
238            android:enabled="true"
238-->[:geolocator_android] AndroidManifest.xml:12:13-35
239            android:exported="false"
239-->[:geolocator_android] AndroidManifest.xml:13:13-37
240            android:foregroundServiceType="location" />
240-->[:geolocator_android] AndroidManifest.xml:14:13-53
241        <!--
242           Declares a provider which allows us to store files to share in
243           '.../caches/share_plus' and grant the receiving action access
244        -->
245        <provider
245-->[:share_plus] AndroidManifest.xml:15:9-23:20
246            android:name="dev.fluttercommunity.plus.share.ShareFileProvider"
246-->[:share_plus] AndroidManifest.xml:16:13-77
247            android:authorities="com.jewelofasia.au.flutter.share_provider"
247-->[:share_plus] AndroidManifest.xml:17:13-74
248            android:exported="false"
248-->[:share_plus] AndroidManifest.xml:18:13-37
249            android:grantUriPermissions="true" >
249-->[:share_plus] AndroidManifest.xml:19:13-47
250            <meta-data
250-->[:share_plus] AndroidManifest.xml:20:13-22:68
251                android:name="android.support.FILE_PROVIDER_PATHS"
251-->[:share_plus] AndroidManifest.xml:21:17-67
252                android:resource="@xml/flutter_share_file_paths" />
252-->[:share_plus] AndroidManifest.xml:22:17-65
253        </provider>
254        <!--
255           This manifest declared broadcast receiver allows us to use an explicit
256           Intent when creating a PendingItent to be informed of the user's choice
257        -->
258        <receiver
258-->[:share_plus] AndroidManifest.xml:28:9-34:20
259            android:name="dev.fluttercommunity.plus.share.SharePlusPendingIntent"
259-->[:share_plus] AndroidManifest.xml:29:13-82
260            android:exported="false" >
260-->[:share_plus] AndroidManifest.xml:30:13-37
261            <intent-filter>
261-->[:share_plus] AndroidManifest.xml:31:13-33:29
262                <action android:name="EXTRA_CHOSEN_COMPONENT" />
262-->[:share_plus] AndroidManifest.xml:32:17-65
262-->[:share_plus] AndroidManifest.xml:32:25-62
263            </intent-filter>
264        </receiver>
265
266        <provider
266-->[:image_picker_android] AndroidManifest.xml:10:9-18:20
267            android:name="io.flutter.plugins.imagepicker.ImagePickerFileProvider"
267-->[:image_picker_android] AndroidManifest.xml:11:13-82
268            android:authorities="com.jewelofasia.au.flutter.image_provider"
268-->[:image_picker_android] AndroidManifest.xml:12:13-74
269            android:exported="false"
269-->[:image_picker_android] AndroidManifest.xml:13:13-37
270            android:grantUriPermissions="true" >
270-->[:image_picker_android] AndroidManifest.xml:14:13-47
271            <meta-data
271-->[:share_plus] AndroidManifest.xml:20:13-22:68
272                android:name="android.support.FILE_PROVIDER_PATHS"
272-->[:share_plus] AndroidManifest.xml:21:17-67
273                android:resource="@xml/flutter_image_picker_file_paths" />
273-->[:share_plus] AndroidManifest.xml:22:17-65
274        </provider>
275
276        <activity
276-->[:url_launcher_android] AndroidManifest.xml:10:9-13:74
277            android:name="io.flutter.plugins.urllauncher.WebViewActivity"
277-->[:url_launcher_android] AndroidManifest.xml:11:13-74
278            android:exported="false"
278-->[:url_launcher_android] AndroidManifest.xml:12:13-37
279            android:theme="@android:style/Theme.NoTitleBar.Fullscreen" />
279-->[:url_launcher_android] AndroidManifest.xml:13:13-71
280        <activity
280-->[:flutter_inappwebview_android] AndroidManifest.xml:16:9-20:47
281            android:name="com.pichillilorenzo.flutter_inappwebview_android.in_app_browser.InAppBrowserActivity"
281-->[:flutter_inappwebview_android] AndroidManifest.xml:17:13-112
282            android:configChanges="orientation|keyboardHidden|keyboard|screenSize|locale|layoutDirection|fontScale|screenLayout|density"
282-->[:flutter_inappwebview_android] AndroidManifest.xml:18:13-137
283            android:exported="false"
283-->[:flutter_inappwebview_android] AndroidManifest.xml:19:13-37
284            android:theme="@style/AppTheme" />
284-->[:flutter_inappwebview_android] AndroidManifest.xml:20:13-44
285        <activity
285-->[:flutter_inappwebview_android] AndroidManifest.xml:21:9-24:55
286            android:name="com.pichillilorenzo.flutter_inappwebview_android.chrome_custom_tabs.ChromeCustomTabsActivity"
286-->[:flutter_inappwebview_android] AndroidManifest.xml:22:13-120
287            android:exported="false"
287-->[:flutter_inappwebview_android] AndroidManifest.xml:23:13-37
288            android:theme="@style/ThemeTransparent" />
288-->[:flutter_inappwebview_android] AndroidManifest.xml:24:13-52
289        <activity
289-->[:flutter_inappwebview_android] AndroidManifest.xml:25:9-28:55
290            android:name="com.pichillilorenzo.flutter_inappwebview_android.chrome_custom_tabs.TrustedWebActivity"
290-->[:flutter_inappwebview_android] AndroidManifest.xml:26:13-114
291            android:exported="false"
291-->[:flutter_inappwebview_android] AndroidManifest.xml:27:13-37
292            android:theme="@style/ThemeTransparent" />
292-->[:flutter_inappwebview_android] AndroidManifest.xml:28:13-52
293        <activity
293-->[:flutter_inappwebview_android] AndroidManifest.xml:29:9-33:55
294            android:name="com.pichillilorenzo.flutter_inappwebview_android.chrome_custom_tabs.ChromeCustomTabsActivitySingleInstance"
294-->[:flutter_inappwebview_android] AndroidManifest.xml:30:13-134
295            android:exported="false"
295-->[:flutter_inappwebview_android] AndroidManifest.xml:31:13-37
296            android:launchMode="singleInstance"
296-->[:flutter_inappwebview_android] AndroidManifest.xml:32:13-48
297            android:theme="@style/ThemeTransparent" />
297-->[:flutter_inappwebview_android] AndroidManifest.xml:33:13-52
298        <activity
298-->[:flutter_inappwebview_android] AndroidManifest.xml:34:9-38:55